  Source.cpp
C:\Users\Usuario\Desktop\Trabajo_Informatica_A109\Source.cpp(49,6): warning C4101: 'numero': variable local sin referencia
C:\Users\Usuario\Desktop\Trabajo_Informatica_A109\Source.cpp(47,6): warning C4101: 'id': variable local sin referencia
C:\Users\Usuario\Desktop\Trabajo_Informatica_A109\Source.cpp(153,33): warning C4474: "fscanf_s": se pasaron demasiados argumentos para la cadena de formato
C:\Users\Usuario\Desktop\Trabajo_Informatica_A109\Source.cpp(153,33): message : los marcadores de posición y sus parámetros esperan 1 argumentos variádicos, pero se proporcionaron 2
C:\Users\Usuario\Desktop\Trabajo_Informatica_A109\Source.cpp(161,35): warning C4474: "fscanf_s": se pasaron demasiados argumentos para la cadena de formato
C:\Users\Usuario\Desktop\Trabajo_Informatica_A109\Source.cpp(161,35): message : los marcadores de posición y sus parámetros esperan 1 argumentos variádicos, pero se proporcionaron 2
C:\Users\Usuario\Desktop\Trabajo_Informatica_A109\Source.cpp(144,6): warning C4101: 'n': variable local sin referencia
C:\Users\Usuario\Desktop\Trabajo_Informatica_A109\Source.cpp(192,10): warning C4473: "scanf_s": no se pasaron suficientes argumentos para la cadena de formato
C:\Users\Usuario\Desktop\Trabajo_Informatica_A109\Source.cpp(192,10): message : los marcadores de posición y sus parámetros esperan 2 argumentos variádicos, pero se proporcionaron 1
C:\Users\Usuario\Desktop\Trabajo_Informatica_A109\Source.cpp(192,10): message : el argumento variádico 2 que falta es requerido por la cadena de formato '%c'
C:\Users\Usuario\Desktop\Trabajo_Informatica_A109\Source.cpp(192,10): message : este argumento se utiliza como un tamaño de búfer
C:\Users\Usuario\Desktop\Trabajo_Informatica_A109\Source.cpp(249,27): warning C4244: '=': conversión de 'float' a 'int'; posible pérdida de datos
C:\Users\Usuario\Desktop\Trabajo_Informatica_A109\Source.cpp(262,24): warning C4244: '=': conversión de 'float' a 'int'; posible pérdida de datos
C:\Users\Usuario\Desktop\Trabajo_Informatica_A109\Source.cpp(265,10): warning C4473: "scanf_s": no se pasaron suficientes argumentos para la cadena de formato
C:\Users\Usuario\Desktop\Trabajo_Informatica_A109\Source.cpp(265,10): message : los marcadores de posición y sus parámetros esperan 2 argumentos variádicos, pero se proporcionaron 1
C:\Users\Usuario\Desktop\Trabajo_Informatica_A109\Source.cpp(265,10): message : el argumento variádico 2 que falta es requerido por la cadena de formato '%s'
C:\Users\Usuario\Desktop\Trabajo_Informatica_A109\Source.cpp(265,10): message : este argumento se utiliza como un tamaño de búfer
C:\Users\Usuario\Desktop\Trabajo_Informatica_A109\Source.cpp(272,10): warning C4101: 'i': variable local sin referencia
C:\Users\Usuario\Desktop\Trabajo_Informatica_A109\Source.cpp(337,66): warning C4267: 'argumento': conversión de 'size_t' a 'unsigned int'; posible pérdida de datos
C:\Users\Usuario\Desktop\Trabajo_Informatica_A109\Source.cpp(378,24): warning C4244: '=': conversión de 'int' a 'float'; posible pérdida de datos
  Trabajo_Informatica_A109.vcxproj -> C:\Users\Usuario\Desktop\Trabajo_Informatica_A109\x64\Debug\Trabajo_Informatica_A109.exe
